<?xml version="1.0" encoding="UTF-8"?>
<!-- Generated by org.testng.reporters.JUnitXMLReporter -->
<testsuite hostname="LT1345" name="Default test" tests="4" failures="0" timestamp="26 Jun 2017 20:53:06 GMT" time="1.374" errors="0">
  <testcase name="testC" time="0.016" classname="com.selenium.core.ddf.testcases.DummyTestC"/>
  <testcase name="testC" time="0.002" classname="com.selenium.core.ddf.testcases.DummyTestC"/>
  <testcase name="testC" time="0.002" classname="com.selenium.core.ddf.testcases.DummyTestC"/>
  <testcase name="testC" time="0.004" classname="com.selenium.core.ddf.testcases.DummyTestC"/>
</testsuite> <!-- Default test -->
