<?xml version="1.0" encoding="UTF-8"?>
<!-- Generated by org.testng.reporters.JUnitXMLReporter -->
<testsuite hostname="LT1345" name="Default test" tests="4" failures="0" timestamp="27 Jun 2017 23:22:12 GMT" time="7.738" errors="0">
  <testcase name="testC" time="0.151" classname="com.selenium.core.ddf.testcases.DummyTestC"/>
  <testcase name="testC" time="0.017" classname="com.selenium.core.ddf.testcases.DummyTestC">
    <skipped/>
  </testcase> <!-- testC -->
  <testcase name="testC" time="0.023" classname="com.selenium.core.ddf.testcases.DummyTestC"/>
  <testcase name="testC" time="0.014" classname="com.selenium.core.ddf.testcases.DummyTestC">
    <skipped/>
  </testcase> <!-- testC -->
</testsuite> <!-- Default test -->
