<?xml version="1.0" encoding="UTF-8"?>
<!-- Generated by org.testng.reporters.JUnitXMLReporter -->
<testsuite hostname="LT1345" name="TestC" tests="4" failures="4" timestamp="26 Jun 2017 21:19:55 GMT" time="0.255" errors="0">
  <testcase name="testC" time="0.001" classname="com.selenium.core.ddf.testcases.DummyTestC">
    <failure type="java.lang.NullPointerException">
      <![CDATA[java.lang.NullPointerException
	at com.selenium.core.ddf.util.DataUtil.isRunnable(DataUtil.java:61)
	at com.selenium.core.ddf.testcases.DummyTestC.testC(DummyTestC.java:27)
... Removed 24 stack frames]]>
    </failure>
  </testcase> <!-- testC -->
  <testcase name="testC" time="0.001" classname="com.selenium.core.ddf.testcases.DummyTestC">
    <failure type="java.lang.NullPointerException">
      <![CDATA[java.lang.NullPointerException
	at com.selenium.core.ddf.util.DataUtil.isRunnable(DataUtil.java:61)
	at com.selenium.core.ddf.testcases.DummyTestC.testC(DummyTestC.java:27)
... Removed 24 stack frames]]>
    </failure>
  </testcase> <!-- testC -->
  <testcase name="testC" time="0.002" classname="com.selenium.core.ddf.testcases.DummyTestC">
    <failure type="java.lang.NullPointerException">
      <![CDATA[java.lang.NullPointerException
	at com.selenium.core.ddf.util.DataUtil.isRunnable(DataUtil.java:61)
	at com.selenium.core.ddf.testcases.DummyTestC.testC(DummyTestC.java:27)
... Removed 24 stack frames]]>
    </failure>
  </testcase> <!-- testC -->
  <testcase name="testC" time="0.001" classname="com.selenium.core.ddf.testcases.DummyTestC">
    <failure type="java.lang.NullPointerException">
      <![CDATA[java.lang.NullPointerException
	at com.selenium.core.ddf.util.DataUtil.isRunnable(DataUtil.java:61)
	at com.selenium.core.ddf.testcases.DummyTestC.testC(DummyTestC.java:27)
... Removed 24 stack frames]]>
    </failure>
  </testcase> <!-- testC -->
</testsuite> <!-- TestC -->
