<?xml version="1.0" encoding="UTF-8"?>
<!-- Generated by org.testng.reporters.JUnitXMLReporter -->
<testsuite hostname="LT1345" name="TestB" tests="2" failures="2" timestamp="26 Jun 2017 21:19:54 GMT" time="1.463" errors="0">
  <testcase name="testB" time="0.003" classname="com.selenium.core.ddf.testcases.DummyTestB">
    <failure type="java.lang.NullPointerException">
      <![CDATA[java.lang.NullPointerException
	at com.selenium.core.ddf.util.DataUtil.isRunnable(DataUtil.java:61)
	at com.selenium.core.ddf.testcases.DummyTestB.testB(DummyTestB.java:32)
... Removed 24 stack frames]]>
    </failure>
  </testcase> <!-- testB -->
  <testcase name="testB" time="0.014" classname="com.selenium.core.ddf.testcases.DummyTestB">
    <failure type="java.lang.NullPointerException">
      <![CDATA[java.lang.NullPointerException
	at com.selenium.core.ddf.util.DataUtil.isRunnable(DataUtil.java:61)
	at com.selenium.core.ddf.testcases.DummyTestB.testB(DummyTestB.java:32)
... Removed 24 stack frames]]>
    </failure>
  </testcase> <!-- testB -->
</testsuite> <!-- TestB -->
