<?xml version="1.0" encoding="UTF-8"?>
<!-- Generated by org.testng.reporters.JUnitXMLReporter -->
<testsuite hostname="LT1345" name="TestC" tests="4" failures="4" timestamp="27 Jun 2017 23:16:16 GMT" time="3.683" errors="0">
  <testcase name="testC" time="0.573" classname="com.selenium.core.ddf.testcases.DummyTestC">
    <failure type="java.lang.NullPointerException">
      <![CDATA[java.lang.NullPointerException
	at com.selenium.core.ddf.util.DataUtil.isRunnable(DataUtil.java:61)
	at com.selenium.core.ddf.testcases.DummyTestC.testC(DummyTestC.java:27)
... Removed 24 stack frames]]>
    </failure>
  </testcase> <!-- testC -->
  <testcase name="testC" time="0.011" classname="com.selenium.core.ddf.testcases.DummyTestC">
    <failure type="java.lang.NullPointerException">
      <![CDATA[java.lang.NullPointerException
	at com.selenium.core.ddf.util.DataUtil.isRunnable(DataUtil.java:61)
	at com.selenium.core.ddf.testcases.DummyTestC.testC(DummyTestC.java:27)
... Removed 24 stack frames]]>
    </failure>
  </testcase> <!-- testC -->
  <testcase name="testC" time="0.004" classname="com.selenium.core.ddf.testcases.DummyTestC">
    <failure type="java.lang.NullPointerException">
      <![CDATA[java.lang.NullPointerException
	at com.selenium.core.ddf.util.DataUtil.isRunnable(DataUtil.java:61)
	at com.selenium.core.ddf.testcases.DummyTestC.testC(DummyTestC.java:27)
... Removed 24 stack frames]]>
    </failure>
  </testcase> <!-- testC -->
  <testcase name="testC" time="0.023" classname="com.selenium.core.ddf.testcases.DummyTestC">
    <failure type="java.lang.NullPointerException">
      <![CDATA[java.lang.NullPointerException
	at com.selenium.core.ddf.util.DataUtil.isRunnable(DataUtil.java:61)
	at com.selenium.core.ddf.testcases.DummyTestC.testC(DummyTestC.java:27)
... Removed 24 stack frames]]>
    </failure>
  </testcase> <!-- testC -->
</testsuite> <!-- TestC -->
